Started GET "/" for 127.0.0.1 at 2019-09-24 09:42:07 -0300
  [1m[35m (3.2ms)[0m  [1m[34mSELECT sqlite_version(*)[0m
Processing by Rails::WelcomeController#index as HTML
  Rendering /Users/petbooking/.rbenv/versions/2.6.4/lib/ruby/gems/2.6.0/gems/railties-6.0.0/lib/rails/templates/rails/welcome/index.html.erb
  Rendered /Users/petbooking/.rbenv/versions/2.6.4/lib/ruby/gems/2.6.0/gems/railties-6.0.0/lib/rails/templates/rails/welcome/index.html.erb (Duration: 8.0ms | Allocations: 483)
Completed 200 OK in 18ms (Views: 13.1ms | ActiveRecord: 0.0ms | Allocations: 2723)


Started GET "/favicon.ico" for 127.0.0.1 at 2019-09-24 09:42:07 -0300
  
ActionController::RoutingError (No route matches [GET] "/favicon.ico"):
  
actionpack (6.0.0) lib/action_dispatch/middleware/debug_exceptions.rb:36:in `call'
actionpack (6.0.0) lib/action_dispatch/middleware/show_exceptions.rb:33:in `call'
railties (6.0.0) lib/rails/rack/logger.rb:38:in `call_app'
railties (6.0.0) lib/rails/rack/logger.rb:26:in `block in call'
activesupport (6.0.0) lib/active_support/tagged_logging.rb:80:in `block in tagged'
activesupport (6.0.0) lib/active_support/tagged_logging.rb:28:in `tagged'
activesupport (6.0.0) lib/active_support/tagged_logging.rb:80:in `tagged'
railties (6.0.0) lib/rails/rack/logger.rb:26:in `call'
actionpack (6.0.0) lib/action_dispatch/middleware/remote_ip.rb:81:in `call'
actionpack (6.0.0) lib/action_dispatch/middleware/request_id.rb:27:in `call'
rack (2.0.7) lib/rack/runtime.rb:22:in `call'
activesupport (6.0.0) lib/active_support/cache/strategy/local_cache_middleware.rb:29:in `call'
actionpack (6.0.0) lib/action_dispatch/middleware/executor.rb:14:in `call'
actionpack (6.0.0) lib/action_dispatch/middleware/static.rb:126:in `call'
rack (2.0.7) lib/rack/sendfile.rb:111:in `call'
actionpack (6.0.0) lib/action_dispatch/middleware/host_authorization.rb:83:in `call'
railties (6.0.0) lib/rails/engine.rb:526:in `call'
puma (3.12.1) lib/puma/configuration.rb:227:in `call'
puma (3.12.1) lib/puma/server.rb:660:in `handle_request'
puma (3.12.1) lib/puma/server.rb:474:in `process_client'
puma (3.12.1) lib/puma/server.rb:334:in `block in run'
puma (3.12.1) lib/puma/thread_pool.rb:135:in `block in spawn_thread'
Started GET "/" for 127.0.0.1 at 2019-09-24 09:42:09 -0300
Processing by Rails::WelcomeController#index as HTML
  Rendering /Users/petbooking/.rbenv/versions/2.6.4/lib/ruby/gems/2.6.0/gems/railties-6.0.0/lib/rails/templates/rails/welcome/index.html.erb
  Rendered /Users/petbooking/.rbenv/versions/2.6.4/lib/ruby/gems/2.6.0/gems/railties-6.0.0/lib/rails/templates/rails/welcome/index.html.erb (Duration: 6.3ms | Allocations: 185)
Completed 200 OK in 8ms (Views: 7.3ms | ActiveRecord: 0.0ms | Allocations: 760)


  [1m[35m (18.2ms)[0m  [1m[34mSELECT sqlite_version(*)[0m
  [1m[35m (20.7ms)[0m  [1m[35mCREATE TABLE "schema_migrations" ("version" varchar NOT NULL PRIMARY KEY)[0m
  [1m[35m (17.4ms)[0m  [1m[35mCREATE TABLE "ar_internal_metadata" ("key" varchar NOT NULL PRIMARY KEY, "value" varchar, "created_at" datetime(6) NOT NULL, "updated_at" datetime(6) NOT NULL)[0m
  [1m[35m (0.3ms)[0m  [1m[34mSELECT "schema_migrations"."version" FROM "schema_migrations" ORDER BY "schema_migrations"."version" ASC[0m
Migrating to DeviseCreateUsers (20191020224422)
  [1m[35m (0.2ms)[0m  [1m[36mbegin transaction[0m
  [1m[35m (1.0ms)[0m  [1m[35mCREATE TABLE "users" ("id" integer PRIMARY KEY AUTOINCREMENT NOT NULL, "name" varchar DEFAULT '' NOT NULL, "email" varchar DEFAULT '' NOT NULL, "encrypted_password" varchar DEFAULT '', "birthday" date, "gender" integer, "avatar" varchar, "phone" varchar, "nickname" varchar, "cpf" varchar(11), "city" varchar, "state" integer, "search_range" integer, "zipcode" varchar, "street" varchar, "street_number" varchar, "neighborhood" varchar, "skype" varchar, "complement" varchar, "source" integer DEFAULT 0, "validation_code" integer, "created_by_business" integer, "landline" varchar(11), "reset_password_token" varchar, "reset_password_sent_at" datetime, "remember_created_at" datetime, "sign_in_count" integer DEFAULT 0 NOT NULL, "current_sign_in_at" datetime, "last_sign_in_at" datetime, "created_at" datetime(6) NOT NULL, "updated_at" datetime(6) NOT NULL)[0m
  [1m[35m (0.3ms)[0m  [1m[35mCREATE UNIQUE INDEX "index_users_on_email" ON "users" ("email")[0m
  [1m[35m (0.3ms)[0m  [1m[35mCREATE UNIQUE INDEX "index_users_on_reset_password_token" ON "users" ("reset_password_token")[0m
  [1m[36mprimary::SchemaMigration Create (0.4ms)[0m  [1m[32mINSERT INTO "schema_migrations" ("version") VALUES (?)[0m  [["version", "20191020224422"]]
  [1m[35m (18.7ms)[0m  [1m[36mcommit transaction[0m
  [1m[36mActiveRecord::InternalMetadata Load (0.3ms)[0m  [1m[34mSELECT "ar_internal_metadata".* FROM "ar_internal_metadata" WHERE "ar_internal_metadata"."key" = ? LIMIT ?[0m  [["key", "environment"], ["LIMIT", 1]]
  [1m[35m (0.1ms)[0m  [1m[36mbegin transaction[0m
  [1m[36mActiveRecord::InternalMetadata Create (0.3ms)[0m  [1m[32mINSERT INTO "ar_internal_metadata" ("key", "value", "created_at", "updated_at") VALUES (?, ?, ?, ?)[0m  [["key", "environment"], ["value", "development"], ["created_at", "2019-10-20 23:02:27.071852"], ["updated_at", "2019-10-20 23:02:27.071852"]]
  [1m[35m (21.2ms)[0m  [1m[36mcommit transaction[0m
  [1m[35m (0.2ms)[0m  [1m[34mSELECT sqlite_version(*)[0m
  [1m[35m (0.2ms)[0m  [1m[34mSELECT "schema_migrations"."version" FROM "schema_migrations" ORDER BY "schema_migrations"."version" ASC[0m
DEPRECATION WARNING: Using `bin/rake routes` is deprecated and will be removed in Rails 6.1. Use `bin/rails routes` instead.
 (called from load at /home/pesqueira/.rbenv/versions/2.6.4/bin/rake:23)
  [1m[35m (0.2ms)[0m  [1m[34mSELECT sqlite_version(*)[0m
  [1m[35m (0.1ms)[0m  [1m[34mSELECT "schema_migrations"."version" FROM "schema_migrations" ORDER BY "schema_migrations"."version" ASC[0m
  [1m[35m (0.0ms)[0m  [1m[34mSELECT "schema_migrations"."version" FROM "schema_migrations" ORDER BY "schema_migrations"."version" ASC[0m
  [1m[35m (0.0ms)[0m  [1m[34mSELECT "schema_migrations"."version" FROM "schema_migrations" ORDER BY "schema_migrations"."version" ASC[0m
  [1m[35m (0.0ms)[0m  [1m[34mSELECT "schema_migrations"."version" FROM "schema_migrations" ORDER BY "schema_migrations"."version" ASC[0m
Migrating to DeviseCreateUsers (20191020224422)
  [1m[35m (0.1ms)[0m  [1m[36mbegin transaction[0m
  [1m[35m (0.2ms)[0m  [1m[35mDROP INDEX "index_users_on_reset_password_token"[0m
  [1m[35m (0.1ms)[0m  [1m[35mDROP INDEX "index_users_on_email"[0m
  [1m[35m (0.1ms)[0m  [1m[35mDROP TABLE "users"[0m
  [1m[36mprimary::SchemaMigration Destroy (0.2ms)[0m  [1m[31mDELETE FROM "schema_migrations" WHERE "schema_migrations"."version" = ?[0m  [["version", "20191020224422"]]
  [1m[35m (24.5ms)[0m  [1m[36mcommit transaction[0m
  [1m[35m (0.3ms)[0m  [1m[34mSELECT sqlite_version(*)[0m
  [1m[35m (0.1ms)[0m  [1m[34mSELECT "schema_migrations"."version" FROM "schema_migrations" ORDER BY "schema_migrations"."version" ASC[0m
  [1m[35m (0.2ms)[0m  [1m[34mSELECT sqlite_version(*)[0m
  [1m[35m (0.1ms)[0m  [1m[34mSELECT "schema_migrations"."version" FROM "schema_migrations" ORDER BY "schema_migrations"."version" ASC[0m
Migrating to DeviseCreateUsers (20191020224422)
  [1m[35m (0.0ms)[0m  [1m[36mbegin transaction[0m
  [1m[35m (0.2ms)[0m  [1m[35mCREATE TABLE "users" ("id" integer PRIMARY KEY AUTOINCREMENT NOT NULL, "name" varchar DEFAULT '' NOT NULL, "email" varchar DEFAULT '' NOT NULL, "encrypted_password" varchar DEFAULT '', "birthday" date, "gender" integer, "avatar" varchar, "phone" varchar, "nickname" varchar, "cpf" varchar(11), "city" varchar, "state" integer, "search_range" integer, "zipcode" varchar, "street" varchar, "street_number" varchar, "neighborhood" varchar, "skype" varchar, "complement" varchar, "source" integer DEFAULT 0, "validation_code" integer, "created_by_business" integer, "landline" varchar(11), "reset_password_token" varchar, "reset_password_sent_at" datetime, "remember_created_at" datetime, "sign_in_count" integer DEFAULT 0 NOT NULL, "current_sign_in_at" datetime, "last_sign_in_at" datetime, "created_at" datetime(6) NOT NULL, "updated_at" datetime(6) NOT NULL)[0m
  [1m[35m (0.1ms)[0m  [1m[35mCREATE UNIQUE INDEX "index_users_on_email" ON "users" ("email")[0m
  [1m[35m (0.1ms)[0m  [1m[35mCREATE UNIQUE INDEX "index_users_on_reset_password_token" ON "users" ("reset_password_token")[0m
  [1m[35m (0.1ms)[0m  [1m[35mCREATE UNIQUE INDEX "index_users_on_phone" ON "users" ("phone")[0m
  [1m[35m (0.1ms)[0m  [1m[35mCREATE UNIQUE INDEX "index_users_on_cpf" ON "users" ("cpf")[0m
  [1m[36mprimary::SchemaMigration Create (0.2ms)[0m  [1m[32mINSERT INTO "schema_migrations" ("version") VALUES (?)[0m  [["version", "20191020224422"]]
  [1m[35m (17.8ms)[0m  [1m[36mcommit transaction[0m
  [1m[36mActiveRecord::InternalMetadata Load (0.1ms)[0m  [1m[34mSELECT "ar_internal_metadata".* FROM "ar_internal_metadata" WHERE "ar_internal_metadata"."key" = ? LIMIT ?[0m  [["key", "environment"], ["LIMIT", 1]]
  [1m[35m (0.2ms)[0m  [1m[34mSELECT sqlite_version(*)[0m
  [1m[35m (0.1ms)[0m  [1m[34mSELECT "schema_migrations"."version" FROM "schema_migrations" ORDER BY "schema_migrations"."version" ASC[0m
DEPRECATION WARNING: Using `bin/rake routes` is deprecated and will be removed in Rails 6.1. Use `bin/rails routes` instead.
 (called from load at /home/pesqueira/.rbenv/versions/2.6.4/bin/rake:23)
DEPRECATION WARNING: Using `bin/rake routes` is deprecated and will be removed in Rails 6.1. Use `bin/rails routes` instead.
 (called from load at /home/pesqueira/.rbenv/versions/2.6.4/bin/rake:23)
  [1m[35m (0.8ms)[0m  [1m[34mSELECT sqlite_version(*)[0m
  [1m[36mUser Load (5.9ms)[0m  [1m[34mSELECT "users".* FROM "users" ORDER BY "users"."id" ASC LIMIT ?[0m  [["LIMIT", 1000]]
  [1m[33mUser Search (71.2ms)[0m  curl http://localhost:9200/users_development/_search?pretty -H 'Content-Type: application/json' -d '{"query":{"match_all":{}},"timeout":"11s","_source":false,"size":10000}'
Started POST "/users" for ::1 at 2019-10-22 14:05:50 -0300
  [1m[35m (0.7ms)[0m  [1m[34mSELECT sqlite_version(*)[0m
  [1m[35m (0.1ms)[0m  [1m[34mSELECT "schema_migrations"."version" FROM "schema_migrations" ORDER BY "schema_migrations"."version" ASC[0m
Processing by Users::RegistrationsController#create as */*
Completed 200 OK in 57ms (Views: 0.2ms | ActiveRecord: 0.7ms | Allocations: 23301)


  [1m[35m (1.1ms)[0m  [1m[34mSELECT sqlite_version(*)[0m
  [1m[36mUser Load (0.5ms)[0m  [1m[34mSELECT "users".* FROM "users" ORDER BY "users"."id" DESC LIMIT ?[0m  [["LIMIT", 1]]
Started POST "/users" for ::1 at 2019-10-22 14:06:23 -0300
  [1m[35m (0.0ms)[0m  [1m[34mSELECT sqlite_version(*)[0m
Processing by Users::RegistrationsController#create as */*
Completed 500 Internal Server Error in 5412ms (ActiveRecord: 0.0ms | Allocations: 33290)


  
SystemExit (exit):
  
(byebug):1:in `exit'
(byebug):1:in `create'
app/controllers/users/registrations_controller.rb:7:in `create'
Started PATCH "/users" for ::1 at 2019-10-22 14:07:55 -0300
Processing by Users::RegistrationsController#update as */*
Completed 401 Unauthorized in 2ms (ActiveRecord: 0.0ms | Allocations: 44086)


Started GET "/users/sign_in" for ::1 at 2019-10-22 14:07:56 -0300
Processing by Devise::SessionsController#new as */*
Completed 200 OK in 218ms (Views: 1.0ms | ActiveRecord: 9.7ms | Allocations: 3290354)


Started PATCH "/users" for ::1 at 2019-10-22 14:14:16 -0300
  [1m[35m (0.7ms)[0m  [1m[34mSELECT sqlite_version(*)[0m
Processing by Users::RegistrationsController#update as */*
Completed 401 Unauthorized in 3ms (ActiveRecord: 0.0ms | Allocations: 69659)


Started GET "/users/sign_in" for ::1 at 2019-10-22 14:14:17 -0300
Processing by Devise::SessionsController#new as */*
Completed 200 OK in 238ms (Views: 0.8ms | ActiveRecord: 0.0ms | Allocations: 3813961)


Started PATCH "/users" for ::1 at 2019-10-22 14:15:09 -0300
  [1m[35m (0.3ms)[0m  [1m[34mSELECT sqlite_version(*)[0m
  [1m[35m (0.1ms)[0m  [1m[34mSELECT "schema_migrations"."version" FROM "schema_migrations" ORDER BY "schema_migrations"."version" ASC[0m
Processing by Users::RegistrationsController#update as */*
Completed 401 Unauthorized in 3ms (ActiveRecord: 0.0ms | Allocations: 223)


Started GET "/users/sign_in" for ::1 at 2019-10-22 14:15:09 -0300
Processing by Devise::SessionsController#new as */*
Completed 200 OK in 15ms (Views: 0.1ms | ActiveRecord: 0.5ms | Allocations: 20878)


Started POST "/users" for ::1 at 2019-10-22 14:15:21 -0300
Processing by Users::RegistrationsController#create as */*
Completed 500 Internal Server Error in 47309ms (ActiveRecord: 0.0ms | Allocations: 35252)


  
SystemExit (exit):
  
(byebug):1:in `exit'
(byebug):1:in `create'
app/controllers/users/registrations_controller.rb:7:in `create'
Started POST "/users" for ::1 at 2019-10-22 14:16:19 -0300
Processing by Users::RegistrationsController#create as */*
Completed 500 Internal Server Error in 22020ms (ActiveRecord: 0.0ms | Allocations: 43114)


  
SystemExit (exit):
  
(byebug):1:in `exit'
(byebug):1:in `create'
app/controllers/users/registrations_controller.rb:7:in `create'
Started POST "/users" for ::1 at 2019-10-22 14:17:08 -0300
Processing by Users::RegistrationsController#create as */*
Completed 500 Internal Server Error in 7454ms (ActiveRecord: 0.0ms | Allocations: 69892)


  
SystemExit (exit):
  
(byebug):1:in `exit'
(byebug):1:in `create'
app/controllers/users/registrations_controller.rb:7:in `create'
Started POST "/users" for ::1 at 2019-10-22 14:26:49 -0300
  [1m[35m (0.8ms)[0m  [1m[34mSELECT sqlite_version(*)[0m
Processing by Users::RegistrationsController#create as */*
Completed 500 Internal Server Error in 51393ms (ActiveRecord: 0.0ms | Allocations: 71285)


  
SystemExit (exit):
  
(byebug):1:in `exit'
(byebug):1:in `create'
app/controllers/users/registrations_controller.rb:7:in `create'
DEPRECATION WARNING: Using `bin/rake routes` is deprecated and will be removed in Rails 6.1. Use `bin/rails routes` instead.
 (called from load at /home/pesqueira/.rbenv/versions/2.6.4/bin/rake:23)
Started POST "/users" for ::1 at 2019-10-22 14:35:40 -0300
  [1m[35m (0.2ms)[0m  [1m[34mSELECT sqlite_version(*)[0m
  [1m[35m (0.1ms)[0m  [1m[34mSELECT "schema_migrations"."version" FROM "schema_migrations" ORDER BY "schema_migrations"."version" ASC[0m
Processing by UsersController#create as */*
Completed 500 Internal Server Error in 89450ms (ActiveRecord: 0.0ms | Allocations: 79655)


  
SystemExit (exit):
  
(byebug):1:in `exit'
(byebug):1:in `create'
app/controllers/users_controller.rb:13:in `create'
Started POST "/users" for ::1 at 2019-10-22 14:37:13 -0300
  [1m[35m (2.1ms)[0m  [1m[34mSELECT sqlite_version(*)[0m
Processing by UsersController#create as */*
  Parameters: {"name"=>"lucas", "email"=>"lu-lpr@hotmail.com", "password"=>"[FILTERED]"}
Completed 500 Internal Server Error in 35230ms (ActiveRecord: 0.0ms | Allocations: 72285)


  
SystemExit (exit):
  
(byebug):1:in `exit'
(byebug):1:in `create'
app/controllers/users_controller.rb:13:in `create'
Started POST "/users" for ::1 at 2019-10-22 14:37:52 -0300
  [1m[35m (0.5ms)[0m  [1m[34mSELECT sqlite_version(*)[0m
Processing by UsersController#create as */*
  Parameters: {"name"=>"lucas", "email"=>"lu-lpr@hotmail.com", "password"=>"[FILTERED]"}
Completed 500 Internal Server Error in 41078ms (ActiveRecord: 0.0ms | Allocations: 36729)


  
SystemExit (exit):
  
(byebug):1:in `exit'
(byebug):1:in `create'
app/controllers/users_controller.rb:13:in `create'
Started POST "/users" for ::1 at 2019-10-22 14:38:40 -0300
Processing by UsersController#create as */*
  Parameters: {"{\n    \"data\": {\n        \"type\": \"users\",\n        \"attributes\" : {\n            \"email\": \"lu-lpr@hotmail.com\", \n            \"name\": \"Lucas\",\n            \"password\": \"123123123\",\n            \"phone\": \"41991717030\"\n        }\n    }\n}"=>"[FILTERED]"}
Completed 500 Internal Server Error in 34283ms (ActiveRecord: 0.0ms | Allocations: 33201)


  
SystemExit (exit):
  
(byebug):1:in `exit'
(byebug):1:in `create'
app/controllers/users_controller.rb:13:in `create'
Started POST "/users" for ::1 at 2019-10-22 14:39:46 -0300
  [1m[35m (0.2ms)[0m  [1m[34mSELECT sqlite_version(*)[0m
  [1m[35m (0.1ms)[0m  [1m[34mSELECT "schema_migrations"."version" FROM "schema_migrations" ORDER BY "schema_migrations"."version" ASC[0m
Processing by UsersController#create as */*
Completed 500 Internal Server Error in 24054ms (ActiveRecord: 0.0ms | Allocations: 33276)


  
SystemExit (exit):
  
(byebug):1:in `exit'
(byebug):1:in `create'
app/controllers/users_controller.rb:13:in `create'
Started POST "/users" for ::1 at 2019-10-22 14:40:14 -0300
Processing by UsersController#create as */*
Completed 500 Internal Server Error in 85285ms (ActiveRecord: 0.0ms | Allocations: 21974)


  
SystemExit (exit):
  
(byebug):1:in `exit'
(byebug):1:in `create'
app/controllers/users_controller.rb:13:in `create'
Started POST "/users" for ::1 at 2019-10-22 14:46:06 -0300
Processing by UsersController#create as */*
Completed 500 Internal Server Error in 11ms (ActiveRecord: 0.0ms | Allocations: 26878)


  
SystemExit (exit):
  
(byebug):1:in `exit'
(byebug):1:in `create'
app/controllers/users_controller.rb:13:in `create'
Started POST "/users" for ::1 at 2019-10-22 14:46:12 -0300
Processing by UsersController#create as */*
Completed 500 Internal Server Error in 3ms (ActiveRecord: 0.0ms | Allocations: 25931)


  
SystemExit (exit):
  
(byebug):1:in `exit'
(byebug):1:in `create'
app/controllers/users_controller.rb:13:in `create'
Started POST "/users" for ::1 at 2019-10-22 14:46:17 -0300
Processing by UsersController#create as */*
Completed 500 Internal Server Error in 3ms (ActiveRecord: 0.0ms | Allocations: 25931)


  
SystemExit (exit):
  
(byebug):1:in `exit'
(byebug):1:in `create'
app/controllers/users_controller.rb:13:in `create'
Started POST "/users" for ::1 at 2019-10-22 14:46:35 -0300
  [1m[35m (0.3ms)[0m  [1m[34mSELECT sqlite_version(*)[0m
  [1m[35m (0.1ms)[0m  [1m[34mSELECT "schema_migrations"."version" FROM "schema_migrations" ORDER BY "schema_migrations"."version" ASC[0m
Processing by UsersController#create as */*
Completed 500 Internal Server Error in 89324ms (ActiveRecord: 0.0ms | Allocations: 35494)


  
SystemExit (exit):
  
(byebug):1:in `exit'
(byebug):1:in `create'
app/controllers/users_controller.rb:13:in `create'
Started POST "/users" for ::1 at 2019-10-22 14:49:46 -0300
Processing by UsersController#create as */*
Completed 500 Internal Server Error in 166269ms (ActiveRecord: 0.0ms | Allocations: 43402)


  
SystemExit (exit):
  
(byebug):1:in `exit'
(byebug):1:in `create'
app/controllers/users_controller.rb:13:in `create'
Started POST "/users" for ::1 at 2019-10-22 14:52:36 -0300
Processing by UsersController#create as */*
  Parameters: {"data"=>{"type"=>"users", "attributes"=>{"email"=>"lu-lpr@hotmail.com", "name"=>"Lucas", "password"=>"[FILTERED]", "phone"=>"41991717030"}}, "user"=>{}}
Completed 500 Internal Server Error in 379209ms (ActiveRecord: 4.1ms | Allocations: 39374)


  
SystemExit (exit):
  
(byebug):1:in `exit'
(byebug):1:in `create'
app/controllers/users_controller.rb:13:in `create'
Started POST "/users" for ::1 at 2019-10-22 14:59:06 -0300
  [1m[35m (0.7ms)[0m  [1m[34mSELECT sqlite_version(*)[0m
Processing by UsersController#create as */*
  Parameters: {"data"=>{"type"=>"users", "attributes"=>{"email"=>"lu-lpr@hotmail.com", "name"=>"Lucas", "password"=>"[FILTERED]", "phone"=>"41991717030"}}, "user"=>{}}
Completed 500 Internal Server Error in 1363576ms (ActiveRecord: 6.6ms | Allocations: 43403)


  
SystemExit (exit):
  
(byebug):1:in `exit'
(byebug):1:in `create'
app/controllers/users_controller.rb:13:in `create'
Started POST "/users" for ::1 at 2019-10-22 15:22:07 -0300
Processing by UsersController#create as */*
  Parameters: {"data"=>{"type"=>"users", "attributes"=>{"email"=>"lu-lpr@hotmail.com", "name"=>"Lucas", "password"=>"[FILTERED]", "phone"=>"41991717030"}}, "user"=>{}}
[31mUnpermitted parameters: :type, :attributes[0m
Completed 500 Internal Server Error in 225235ms (ActiveRecord: 0.0ms | Allocations: 44799)


  
SystemExit (exit):
  
(byebug):1:in `exit'
(byebug):1:in `create'
app/controllers/users_controller.rb:13:in `create'
Started POST "/users" for ::1 at 2019-10-22 15:27:55 -0300
Processing by UsersController#create as */*
  Parameters: {"data"=>{"type"=>"users", "attributes"=>{"email"=>"lu-lpr@hotmail.com", "name"=>"Lucas", "password"=>"[FILTERED]", "phone"=>"41991717030"}}, "user"=>{}}
Completed 500 Internal Server Error in 844105ms (ActiveRecord: 0.0ms | Allocations: 107531)


  
SystemExit (exit):
  
(byebug):1:in `exit'
(byebug):1:in `create'
app/controllers/users_controller.rb:13:in `create'
Started POST "/users" for ::1 at 2019-10-22 15:42:03 -0300
  [1m[35m (0.7ms)[0m  [1m[34mSELECT sqlite_version(*)[0m
Processing by UsersController#create as */*
  Parameters: {"data"=>{"type"=>"user", "attributes"=>{"email"=>"lu-lpr@hotmail.com", "name"=>"Lucas", "password"=>"[FILTERED]", "phone"=>"41991717030"}}, "user"=>{}}
Completed 500 Internal Server Error in 11542ms (ActiveRecord: 2.9ms | Allocations: 40294)


  
SystemExit (exit):
  
(byebug):1:in `exit'
(byebug):1:in `create'
app/controllers/users_controller.rb:13:in `create'
Started POST "/users" for ::1 at 2019-10-22 15:42:25 -0300
Processing by UsersController#create as */*
  Parameters: {"data"=>{"type"=>"users", "attributes"=>{"email"=>"lu-lpr@hotmail.com", "name"=>"Lucas", "password"=>"[FILTERED]", "phone"=>"41991717030"}}, "user"=>{}}
Completed 500 Internal Server Error in 37419ms (ActiveRecord: 0.0ms | Allocations: 44342)


  
SystemExit (exit):
  
(byebug):1:in `exit'
(byebug):1:in `create'
app/controllers/users_controller.rb:13:in `create'
Started POST "/api/v2/users" for ::1 at 2019-10-22 15:45:06 -0300
  [1m[35m (0.8ms)[0m  [1m[34mSELECT sqlite_version(*)[0m
  [1m[35m (15.2ms)[0m  [1m[34mSELECT "schema_migrations"."version" FROM "schema_migrations" ORDER BY "schema_migrations"."version" ASC[0m
  
ActionController::RoutingError (No route matches [POST] "/api/v2/users"):
  
actionpack (6.0.0) lib/action_dispatch/middleware/debug_exceptions.rb:36:in `call'
actionpack (6.0.0) lib/action_dispatch/middleware/show_exceptions.rb:33:in `call'
railties (6.0.0) lib/rails/rack/logger.rb:38:in `call_app'
railties (6.0.0) lib/rails/rack/logger.rb:26:in `block in call'
activesupport (6.0.0) lib/active_support/tagged_logging.rb:80:in `block in tagged'
activesupport (6.0.0) lib/active_support/tagged_logging.rb:28:in `tagged'
activesupport (6.0.0) lib/active_support/tagged_logging.rb:80:in `tagged'
railties (6.0.0) lib/rails/rack/logger.rb:26:in `call'
actionpack (6.0.0) lib/action_dispatch/middleware/remote_ip.rb:81:in `call'
actionpack (6.0.0) lib/action_dispatch/middleware/request_id.rb:27:in `call'
rack (2.0.7) lib/rack/runtime.rb:22:in `call'
activesupport (6.0.0) lib/active_support/cache/strategy/local_cache_middleware.rb:29:in `call'
actionpack (6.0.0) lib/action_dispatch/middleware/executor.rb:14:in `call'
actionpack (6.0.0) lib/action_dispatch/middleware/static.rb:126:in `call'
rack (2.0.7) lib/rack/sendfile.rb:111:in `call'
actionpack (6.0.0) lib/action_dispatch/middleware/host_authorization.rb:83:in `call'
railties (6.0.0) lib/rails/engine.rb:526:in `call'
puma (3.12.1) lib/puma/configuration.rb:227:in `call'
puma (3.12.1) lib/puma/server.rb:660:in `handle_request'
puma (3.12.1) lib/puma/server.rb:474:in `process_client'
puma (3.12.1) lib/puma/server.rb:334:in `block in run'
puma (3.12.1) lib/puma/thread_pool.rb:135:in `block in spawn_thread'
Started POST "/users" for ::1 at 2019-10-22 15:45:16 -0300
Processing by UsersController#create as */*
  Parameters: {"data"=>{"type"=>"users", "attributes"=>{"email"=>"lu-lpr@hotmail.com", "name"=>"Lucas", "password"=>"[FILTERED]", "phone"=>"41991717030"}}, "user"=>{}}
[31mUnpermitted parameters: :data, :user[0m
Completed 500 Internal Server Error in 454875ms (ActiveRecord: 0.5ms | Allocations: 132839)


  
SystemExit (exit):
  
(byebug):1:in `exit'
(byebug):1:in `create'
app/controllers/users_controller.rb:13:in `create'
Started POST "/users" for ::1 at 2019-10-22 15:52:58 -0300
  [1m[35m (0.2ms)[0m  [1m[34mSELECT sqlite_version(*)[0m
  [1m[35m (0.1ms)[0m  [1m[34mSELECT "schema_migrations"."version" FROM "schema_migrations" ORDER BY "schema_migrations"."version" ASC[0m
Processing by UsersController#create as */*
  Parameters: {"data"=>{"type"=>"users", "attributes"=>{"email"=>"lu-lpr@hotmail.com", "name"=>"Lucas", "password"=>"[FILTERED]", "phone"=>"41991717030"}}, "user"=>{}}
Completed 500 Internal Server Error in 8915820ms (ActiveRecord: 0.3ms | Allocations: 79773)


  
SystemExit (exit):
  
(byebug):1:in `exit'
(byebug):1:in `create'
app/controllers/users_controller.rb:13:in `create'
Started POST "/users" for ::1 at 2019-10-22 18:21:41 -0300
  [1m[35m (0.5ms)[0m  [1m[34mSELECT sqlite_version(*)[0m
Processing by UsersController#create as */*
  Parameters: {"data"=>{"type"=>"users", "attributes"=>{"email"=>"lu-lpr@hotmail.com", "name"=>"Lucas", "password"=>"[FILTERED]", "phone"=>"41991717030"}}, "user"=>{}}
Completed 500 Internal Server Error in 15506ms (ActiveRecord: 2.1ms | Allocations: 31632)


  
SystemExit (exit):
  
(byebug):1:in `exit'
(byebug):1:in `create'
app/controllers/users_controller.rb:13:in `create'
Started POST "/users" for ::1 at 2019-10-23 10:49:53 -0300
  [1m[35m (12.4ms)[0m  [1m[34mSELECT sqlite_version(*)[0m
  [1m[35m (0.6ms)[0m  [1m[34mSELECT "schema_migrations"."version" FROM "schema_migrations" ORDER BY "schema_migrations"."version" ASC[0m
Processing by UsersController#create as */*
  Parameters: {"data"=>{"type"=>"users", "attributes"=>{"email"=>"lu-lpr@hotmail.com", "name"=>"Lucas", "password"=>"[FILTERED]", "phone"=>"41991717030"}}, "user"=>{}}
Completed 500 Internal Server Error in 25248ms (ActiveRecord: 0.5ms | Allocations: 56732)


  
SystemExit (exit):
  
(byebug):1:in `exit'
(byebug):1:in `create'
app/controllers/users_controller.rb:14:in `create'
Started POST "/users" for ::1 at 2019-10-23 12:52:48 -0300
  [1m[35m (0.6ms)[0m  [1m[34mSELECT sqlite_version(*)[0m
Processing by UsersController#create as */*
  Parameters: {"data"=>{"type"=>"users", "attributes"=>{"email"=>"lu-lpr@hotmail.com", "name"=>"Lucas", "password"=>"[FILTERED]", "phone"=>"41991717030"}}, "user"=>{}}
  [1m[35m (0.3ms)[0m  [1m[36mbegin transaction[0m
  ↳ app/controllers/users_controller.rb:14:in `block in create'
  [1m[35m (0.3ms)[0m  [1m[36mcommit transaction[0m
  ↳ app/controllers/users_controller.rb:13:in `create'
Completed 500 Internal Server Error in 6123ms (ActiveRecord: 2.4ms | Allocations: 2923480)


  
SystemExit (exit):
  
(byebug):1:in `exit'
(byebug):1:in `create'
app/controllers/users_controller.rb:20:in `create'
Started POST "/users" for ::1 at 2019-10-23 12:54:02 -0300
  [1m[35m (0.8ms)[0m  [1m[34mSELECT "schema_migrations"."version" FROM "schema_migrations" ORDER BY "schema_migrations"."version" ASC[0m
  
ActiveRecord::PendingMigrationError (

Migrations are pending. To resolve this issue, run:

        rails db:migrate RAILS_ENV=development

):
  
activerecord (6.0.0) lib/active_record/migration.rb:587:in `check_pending!'
activerecord (6.0.0) lib/active_record/migration.rb:564:in `call'
actionpack (6.0.0) lib/action_dispatch/middleware/callbacks.rb:27:in `block in call'
activesupport (6.0.0) lib/active_support/callbacks.rb:101:in `run_callbacks'
actionpack (6.0.0) lib/action_dispatch/middleware/callbacks.rb:26:in `call'
actionpack (6.0.0) lib/action_dispatch/middleware/executor.rb:14:in `call'
actionpack (6.0.0) lib/action_dispatch/middleware/actionable_exceptions.rb:17:in `call'
actionpack (6.0.0) lib/action_dispatch/middleware/debug_exceptions.rb:32:in `call'
actionpack (6.0.0) lib/action_dispatch/middleware/show_exceptions.rb:33:in `call'
railties (6.0.0) lib/rails/rack/logger.rb:38:in `call_app'
railties (6.0.0) lib/rails/rack/logger.rb:26:in `block in call'
activesupport (6.0.0) lib/active_support/tagged_logging.rb:80:in `block in tagged'
activesupport (6.0.0) lib/active_support/tagged_logging.rb:28:in `tagged'
activesupport (6.0.0) lib/active_support/tagged_logging.rb:80:in `tagged'
railties (6.0.0) lib/rails/rack/logger.rb:26:in `call'
actionpack (6.0.0) lib/action_dispatch/middleware/remote_ip.rb:81:in `call'
actionpack (6.0.0) lib/action_dispatch/middleware/request_id.rb:27:in `call'
rack (2.0.7) lib/rack/runtime.rb:22:in `call'
activesupport (6.0.0) lib/active_support/cache/strategy/local_cache_middleware.rb:29:in `call'
actionpack (6.0.0) lib/action_dispatch/middleware/executor.rb:14:in `call'
actionpack (6.0.0) lib/action_dispatch/middleware/static.rb:126:in `call'
rack (2.0.7) lib/rack/sendfile.rb:111:in `call'
actionpack (6.0.0) lib/action_dispatch/middleware/host_authorization.rb:83:in `call'
railties (6.0.0) lib/rails/engine.rb:526:in `call'
puma (3.12.1) lib/puma/configuration.rb:227:in `call'
puma (3.12.1) lib/puma/server.rb:660:in `handle_request'
puma (3.12.1) lib/puma/server.rb:474:in `process_client'
puma (3.12.1) lib/puma/server.rb:334:in `block in run'
puma (3.12.1) lib/puma/thread_pool.rb:135:in `block in spawn_thread'
Started POST "/users" for ::1 at 2019-10-23 12:56:15 -0300
  [1m[35m (4.0ms)[0m  [1m[34mSELECT "schema_migrations"."version" FROM "schema_migrations" ORDER BY "schema_migrations"."version" ASC[0m
  
ActiveRecord::PendingMigrationError (

Migrations are pending. To resolve this issue, run:

        rails db:migrate RAILS_ENV=development

):
  
activerecord (6.0.0) lib/active_record/migration.rb:587:in `check_pending!'
activerecord (6.0.0) lib/active_record/migration.rb:564:in `call'
actionpack (6.0.0) lib/action_dispatch/middleware/callbacks.rb:27:in `block in call'
activesupport (6.0.0) lib/active_support/callbacks.rb:101:in `run_callbacks'
actionpack (6.0.0) lib/action_dispatch/middleware/callbacks.rb:26:in `call'
actionpack (6.0.0) lib/action_dispatch/middleware/executor.rb:14:in `call'
actionpack (6.0.0) lib/action_dispatch/middleware/actionable_exceptions.rb:17:in `call'
actionpack (6.0.0) lib/action_dispatch/middleware/debug_exceptions.rb:32:in `call'
actionpack (6.0.0) lib/action_dispatch/middleware/show_exceptions.rb:33:in `call'
railties (6.0.0) lib/rails/rack/logger.rb:38:in `call_app'
railties (6.0.0) lib/rails/rack/logger.rb:26:in `block in call'
activesupport (6.0.0) lib/active_support/tagged_logging.rb:80:in `block in tagged'
activesupport (6.0.0) lib/active_support/tagged_logging.rb:28:in `tagged'
activesupport (6.0.0) lib/active_support/tagged_logging.rb:80:in `tagged'
railties (6.0.0) lib/rails/rack/logger.rb:26:in `call'
actionpack (6.0.0) lib/action_dispatch/middleware/remote_ip.rb:81:in `call'
actionpack (6.0.0) lib/action_dispatch/middleware/request_id.rb:27:in `call'
rack (2.0.7) lib/rack/runtime.rb:22:in `call'
activesupport (6.0.0) lib/active_support/cache/strategy/local_cache_middleware.rb:29:in `call'
actionpack (6.0.0) lib/action_dispatch/middleware/executor.rb:14:in `call'
actionpack (6.0.0) lib/action_dispatch/middleware/static.rb:126:in `call'
rack (2.0.7) lib/rack/sendfile.rb:111:in `call'
actionpack (6.0.0) lib/action_dispatch/middleware/host_authorization.rb:83:in `call'
railties (6.0.0) lib/rails/engine.rb:526:in `call'
puma (3.12.1) lib/puma/configuration.rb:227:in `call'
puma (3.12.1) lib/puma/server.rb:660:in `handle_request'
puma (3.12.1) lib/puma/server.rb:474:in `process_client'
puma (3.12.1) lib/puma/server.rb:334:in `block in run'
puma (3.12.1) lib/puma/thread_pool.rb:135:in `block in spawn_thread'
  [1m[35m (1.7ms)[0m  [1m[34mSELECT sqlite_version(*)[0m
  [1m[35m (0.3ms)[0m  [1m[34mSELECT "schema_migrations"."version" FROM "schema_migrations" ORDER BY "schema_migrations"."version" ASC[0m
Migrating to AddColumnProviderToUser (20191023155316)
  [1m[35m (0.2ms)[0m  [1m[36mbegin transaction[0m
  [1m[35m (22.1ms)[0m  [1m[35mALTER TABLE "users" ADD "provider" integer[0m
  [1m[36mprimary::SchemaMigration Create (0.7ms)[0m  [1m[32mINSERT INTO "schema_migrations" ("version") VALUES (?)[0m  [["version", "20191023155316"]]
  [1m[35m (40.8ms)[0m  [1m[36mcommit transaction[0m
  [1m[36mActiveRecord::InternalMetadata Load (0.2ms)[0m  [1m[34mSELECT "ar_internal_metadata".* FROM "ar_internal_metadata" WHERE "ar_internal_metadata"."key" = ? LIMIT ?[0m  [["key", "environment"], ["LIMIT", 1]]
  [1m[35m (0.1ms)[0m  [1m[34mSELECT sqlite_version(*)[0m
  [1m[35m (0.1ms)[0m  [1m[34mSELECT "schema_migrations"."version" FROM "schema_migrations" ORDER BY "schema_migrations"."version" ASC[0m
Started POST "/users" for ::1 at 2019-10-23 12:56:45 -0300
  [1m[35m (1.1ms)[0m  [1m[34mSELECT sqlite_version(*)[0m
  [1m[35m (0.7ms)[0m  [1m[34mSELECT "schema_migrations"."version" FROM "schema_migrations" ORDER BY "schema_migrations"."version" ASC[0m
Processing by UsersController#create as */*
  Parameters: {"data"=>{"type"=>"users", "attributes"=>{"email"=>"lu-lpr@hotmail.com", "name"=>"Lucas", "password"=>"[FILTERED]", "phone"=>"41991717030"}}, "user"=>{}}
  [1m[35m (0.4ms)[0m  [1m[36mbegin transaction[0m
  ↳ app/controllers/users_controller.rb:14:in `block in create'
  [1m[35m (0.4ms)[0m  [1m[36mcommit transaction[0m
  ↳ app/controllers/users_controller.rb:13:in `create'
Completed 500 Internal Server Error in 42956ms (ActiveRecord: 12.7ms | Allocations: 3476471)


  
SystemExit (exit):
  
(byebug):1:in `exit'
(byebug):1:in `create'
app/controllers/users_controller.rb:20:in `create'
Started POST "/users" for ::1 at 2019-10-23 12:58:22 -0300
  [1m[35m (0.7ms)[0m  [1m[34mSELECT sqlite_version(*)[0m
Processing by UsersController#create as */*
  Parameters: {"data"=>{"type"=>"users", "attributes"=>{"email"=>"lu-lpr@hotmail.com", "name"=>"Lucas", "password"=>"[FILTERED]", "phone"=>"41991717030"}}, "user"=>{}}
  [1m[35m (0.4ms)[0m  [1m[36mbegin transaction[0m
  ↳ app/controllers/users_controller.rb:14:in `block in create'
  [1m[35m (0.4ms)[0m  [1m[36mcommit transaction[0m
  ↳ app/controllers/users_controller.rb:13:in `create'
Completed 422 Unprocessable Entity in 346ms (Views: 1.0ms | ActiveRecord: 11.9ms | Allocations: 3498672)


Started POST "/users" for ::1 at 2019-10-23 13:04:16 -0300
  [1m[35m (3.9ms)[0m  [1m[34mSELECT sqlite_version(*)[0m
Processing by UsersController#create as */*
  Parameters: {"data"=>{"type"=>"users", "attributes"=>{"email"=>"lu-lpr@hotmail.com", "name"=>"Lucas", "password"=>"[FILTERED]", "phone"=>"41991717030"}}, "user"=>{}}
  [1m[35m (0.4ms)[0m  [1m[36mbegin transaction[0m
  ↳ app/controllers/users_controller.rb:14:in `block in create'
  [1m[36mUser Exists? (1.0ms)[0m  [1m[34mSELECT 1 AS one FROM "users" WHERE "users"."email" = ? LIMIT ?[0m  [["email", "lu-lpr@hotmail.com"], ["LIMIT", 1]]
  ↳ app/controllers/users_controller.rb:14:in `block in create'
  [1m[36mUser Create (3.9ms)[0m  [1m[32mINSERT INTO "users" ("name", "email", "encrypted_password", "phone", "created_at", "updated_at") VALUES (?, ?, ?, ?, ?, ?)[0m  [["name", "Lucas"], ["email", "lu-lpr@hotmail.com"], ["encrypted_password", "$2a$11$c/ga70f81w84xsLIn7VvGez4NjCnRhHvFUW06swCX2CO98G5.8ny6"], ["phone", "41991717030"], ["created_at", "2019-10-23 16:04:17.538547"], ["updated_at", "2019-10-23 16:04:17.538547"]]
  ↳ app/controllers/users_controller.rb:14:in `block in create'
  [1m[35m (10.2ms)[0m  [1m[36mcommit transaction[0m
  ↳ app/controllers/users_controller.rb:12:in `create'
  [1m[33mUser Store (1460.7ms)[0m  {"id":1,"exception":["Searchkick::ImportError","{\"type\"=\u003e\"mapper_parsing_exception\", \"reason\"=\u003e\"failed to parse field [source] of type [long]\", \"caused_by\"=\u003e{\"type\"=\u003e\"illegal_argument_exception\", \"reason\"=\u003e\"For input string: \\\"web\\\"\"}} on item with id '1'"],"exception_object":"{\"type\"=\u003e\"mapper_parsing_exception\", \"reason\"=\u003e\"failed to parse field [source] of type [long]\", \"caused_by\"=\u003e{\"type\"=\u003e\"illegal_argument_exception\", \"reason\"=\u003e\"For input string: \\\"web\\\"\"}} on item with id '1'"}
Completed 422 Unprocessable Entity in 1898ms (Views: 0.9ms | Searchkick: 1460.7ms | ActiveRecord: 15.5ms | Allocations: 5433657)


  [1m[35m (1.6ms)[0m  [1m[34mSELECT sqlite_version(*)[0m
  [1m[36mUser Load (0.5ms)[0m  [1m[34mSELECT "users".* FROM "users" ORDER BY "users"."id" DESC LIMIT ?[0m  [["LIMIT", 1]]
  [1m[36mUser Load (0.3ms)[0m  [1m[34mSELECT "users".* FROM "users" ORDER BY "users"."id" DESC LIMIT ?[0m  [["LIMIT", 1]]
  [1m[36mUser Load (0.3ms)[0m  [1m[34mSELECT "users".* FROM "users" ORDER BY "users"."id" DESC LIMIT ?[0m  [["LIMIT", 1]]
  [1m[36mUser Load (0.3ms)[0m  [1m[34mSELECT "users".* FROM "users" ORDER BY "users"."id" DESC LIMIT ?[0m  [["LIMIT", 1]]
  [1m[33mUser Store (74.5ms)[0m  {"id":1,"exception":["Searchkick::ImportError","{\"type\"=\u003e\"mapper_parsing_exception\", \"reason\"=\u003e\"failed to parse field [source] of type [long]\", \"caused_by\"=\u003e{\"type\"=\u003e\"illegal_argument_exception\", \"reason\"=\u003e\"For input string: \\\"web\\\"\"}} on item with id '1'"],"exception_object":"{\"type\"=\u003e\"mapper_parsing_exception\", \"reason\"=\u003e\"failed to parse field [source] of type [long]\", \"caused_by\"=\u003e{\"type\"=\u003e\"illegal_argument_exception\", \"reason\"=\u003e\"For input string: \\\"web\\\"\"}} on item with id '1'"}
  [1m[36mUser Load (0.3ms)[0m  [1m[34mSELECT "users".* FROM "users" ORDER BY "users"."id" DESC LIMIT ?[0m  [["LIMIT", 1]]
  [1m[35m (0.2ms)[0m  [1m[34mSELECT sqlite_version(*)[0m
  [1m[36mUser Load (0.4ms)[0m  [1m[34mSELECT "users".* FROM "users" ORDER BY "users"."id" DESC LIMIT ?[0m  [["LIMIT", 1]]
  [1m[36mUser Load (0.3ms)[0m  [1m[34mSELECT "users".* FROM "users" ORDER BY "users"."id" DESC LIMIT ?[0m  [["LIMIT", 1]]
  [1m[33mUser Store (47.8ms)[0m  {"id":1,"exception":["Searchkick::ImportError","{\"type\"=\u003e\"mapper_parsing_exception\", \"reason\"=\u003e\"failed to parse field [source] of type [long]\", \"caused_by\"=\u003e{\"type\"=\u003e\"illegal_argument_exception\", \"reason\"=\u003e\"For input string: \\\"web\\\"\"}} on item with id '1'"],"exception_object":"{\"type\"=\u003e\"mapper_parsing_exception\", \"reason\"=\u003e\"failed to parse field [source] of type [long]\", \"caused_by\"=\u003e{\"type\"=\u003e\"illegal_argument_exception\", \"reason\"=\u003e\"For input string: \\\"web\\\"\"}} on item with id '1'"}
  [1m[35m (0.4ms)[0m  [1m[34mSELECT sqlite_version(*)[0m
  [1m[36mUser Load (0.5ms)[0m  [1m[34mSELECT "users".* FROM "users" ORDER BY "users"."id" DESC LIMIT ?[0m  [["LIMIT", 1]]
  [1m[33mUser Store (17884.9ms)[0m  {"id":1,"exception":["SystemExit","exit"],"exception_object":"exit"}
  [1m[35m (0.2ms)[0m  [1m[34mSELECT sqlite_version(*)[0m
  [1m[36mUser Load (0.1ms)[0m  [1m[34mSELECT "users".* FROM "users" ORDER BY "users"."id" DESC LIMIT ?[0m  [["LIMIT", 1]]
  [1m[36mUser Load (0.3ms)[0m  [1m[34mSELECT "users".* FROM "users" ORDER BY "users"."id" DESC LIMIT ?[0m  [["LIMIT", 1]]
  [1m[33mUser Store (1970.9ms)[0m  {"id":1,"exception":["SystemExit","exit"],"exception_object":"exit"}
  [1m[35m (0.3ms)[0m  [1m[34mSELECT sqlite_version(*)[0m
  [1m[36mUser Load (0.2ms)[0m  [1m[34mSELECT "users".* FROM "users" ORDER BY "users"."id" DESC LIMIT ?[0m  [["LIMIT", 1]]
  [1m[33mUser Store (270.6ms)[0m  {"id":1}
